<?xml version="1.0" encoding="UTF-8"?>
<testsuites name="jest tests" tests="56" failures="0" time="17.171">
  <testsuite name="CrearUsuarios" errors="0" failures="0" skipped="0" timestamp="2024-10-03T06:50:47" time="2.479" tests="8">
    <testcase classname="CrearUsuarios Crear usuario con perfil existente correctamente" name="CrearUsuarios Crear usuario con perfil existente correctamente" time="0.085">
    </testcase>
    <testcase classname="CrearUsuarios No crear usuario con perfil inexistente" name="CrearUsuarios No crear usuario con perfil inexistente" time="0.011">
    </testcase>
    <testcase classname="CrearUsuarios No crear usuario con correo duplicado" name="CrearUsuarios No crear usuario con correo duplicado" time="0.003">
    </testcase>
    <testcase classname="CrearUsuarios No crear usuario con nombre de usuario duplicado" name="CrearUsuarios No crear usuario con nombre de usuario duplicado" time="0.005">
    </testcase>
    <testcase classname="CrearUsuarios No crear usuario con correo de usuario duplicado" name="CrearUsuarios No crear usuario con correo de usuario duplicado" time="0.002">
    </testcase>
    <testcase classname="CrearUsuarios No crear usuario con correo inválido" name="CrearUsuarios No crear usuario con correo inválido" time="0.002">
    </testcase>
    <testcase classname="CrearUsuarios No crear usuario con campos faltantes" name="CrearUsuarios No crear usuario con campos faltantes" time="0">
    </testcase>
    <testcase classname="CrearUsuarios Crear usuario con perfil por defecto si no se proporciona" name="CrearUsuarios Crear usuario con perfil por defecto si no se proporciona" time="0.067">
    </testcase>
  </testsuite>
  <testsuite name="Listar Eventos" errors="0" failures="0" skipped="0" timestamp="2024-10-03T06:50:50" time="0.926" tests="1">
    <testcase classname="Listar Eventos Debe listar los eventos correctamente" name="Listar Eventos Debe listar los eventos correctamente" time="0.07">
    </testcase>
  </testsuite>
  <testsuite name="ActualizarUsuario" errors="0" failures="0" skipped="0" timestamp="2024-10-03T06:50:51" time="0.605" tests="5">
    <testcase classname="ActualizarUsuario Actualizar usuario correctamente" name="ActualizarUsuario Actualizar usuario correctamente" time="0.019">
    </testcase>
    <testcase classname="ActualizarUsuario No actualizar usuario con ID inexistente" name="ActualizarUsuario No actualizar usuario con ID inexistente" time="0.013">
    </testcase>
    <testcase classname="ActualizarUsuario Actualizar contraseña de usuario correctamente" name="ActualizarUsuario Actualizar contraseña de usuario correctamente" time="0.074">
    </testcase>
    <testcase classname="ActualizarUsuario Actualizar perfil de usuario correctamente" name="ActualizarUsuario Actualizar perfil de usuario correctamente" time="0.008">
    </testcase>
    <testcase classname="ActualizarUsuario No actualizar usuario con perfil inexistente" name="ActualizarUsuario No actualizar usuario con perfil inexistente" time="0.002">
    </testcase>
  </testsuite>
  <testsuite name="Actualizar Evento" errors="0" failures="0" skipped="0" timestamp="2024-10-03T06:50:51" time="0.437" tests="2">
    <testcase classname="Actualizar Evento Debe actualizar un evento correctamente" name="Actualizar Evento Debe actualizar un evento correctamente" time="0.037">
    </testcase>
    <testcase classname="Actualizar Evento Debe fallar al actualizar un evento inexistente" name="Actualizar Evento Debe fallar al actualizar un evento inexistente" time="0.011">
    </testcase>
  </testsuite>
  <testsuite name="ConsultarUsuario" errors="0" failures="0" skipped="0" timestamp="2024-10-03T06:50:52" time="0.474" tests="4">
    <testcase classname="ConsultarUsuario Consultar usuario existente correctamente" name="ConsultarUsuario Consultar usuario existente correctamente" time="0.009">
    </testcase>
    <testcase classname="ConsultarUsuario No consultar usuario inexistente" name="ConsultarUsuario No consultar usuario inexistente" time="0.009">
    </testcase>
    <testcase classname="ConsultarUsuario Manejar error con ID de usuario inválido" name="ConsultarUsuario Manejar error con ID de usuario inválido" time="0.003">
    </testcase>
    <testcase classname="ConsultarUsuario Verificar que se devuelven todos los campos esperados del usuario" name="ConsultarUsuario Verificar que se devuelven todos los campos esperados del usuario" time="0.002">
    </testcase>
  </testsuite>
  <testsuite name="Crear Evento" errors="0" failures="0" skipped="0" timestamp="2024-10-03T06:50:52" time="0.427" tests="2">
    <testcase classname="Crear Evento Debe crear un evento correctamente" name="Crear Evento Debe crear un evento correctamente" time="0.021">
    </testcase>
    <testcase classname="Crear Evento Debe fallar al crear un evento con nombre duplicado" name="Crear Evento Debe fallar al crear un evento con nombre duplicado" time="0.01">
    </testcase>
  </testsuite>
  <testsuite name="Consultar Evento" errors="0" failures="0" skipped="0" timestamp="2024-10-03T06:50:53" time="0.408" tests="2">
    <testcase classname="Consultar Evento Debe consultar un evento correctamente" name="Consultar Evento Debe consultar un evento correctamente" time="0.029">
    </testcase>
    <testcase classname="Consultar Evento Debe fallar al consultar un evento inexistente" name="Consultar Evento Debe fallar al consultar un evento inexistente" time="0.013">
    </testcase>
  </testsuite>
  <testsuite name="InactivarUsuarios" errors="0" failures="0" skipped="0" timestamp="2024-10-03T06:50:54" time="0.436" tests="4">
    <testcase classname="InactivarUsuarios Inactivar usuario existente correctamente" name="InactivarUsuarios Inactivar usuario existente correctamente" time="0.01">
    </testcase>
    <testcase classname="InactivarUsuarios No inactivar usuario inexistente" name="InactivarUsuarios No inactivar usuario inexistente" time="0.009">
    </testcase>
    <testcase classname="InactivarUsuarios Manejar error con ID de usuario inválido" name="InactivarUsuarios Manejar error con ID de usuario inválido" time="0.003">
    </testcase>
    <testcase classname="InactivarUsuarios No permitir inactivar un usuario ya inactivo" name="InactivarUsuarios No permitir inactivar un usuario ya inactivo" time="0.006">
    </testcase>
  </testsuite>
  <testsuite name="Eliminar Evento" errors="0" failures="0" skipped="0" timestamp="2024-10-03T06:50:55" time="0.388" tests="2">
    <testcase classname="Eliminar Evento Debe eliminar un evento correctamente" name="Eliminar Evento Debe eliminar un evento correctamente" time="0.027">
    </testcase>
    <testcase classname="Eliminar Evento Debe fallar al eliminar un evento inexistente" name="Eliminar Evento Debe fallar al eliminar un evento inexistente" time="0.013">
    </testcase>
  </testsuite>
  <testsuite name="ListarUsuarios" errors="0" failures="0" skipped="0" timestamp="2024-10-03T06:50:55" time="0.407" tests="3">
    <testcase classname="ListarUsuarios Listar usuarios correctamente" name="ListarUsuarios Listar usuarios correctamente" time="0.005">
    </testcase>
    <testcase classname="ListarUsuarios Verificar que la lista de usuarios no está vacía" name="ListarUsuarios Verificar que la lista de usuarios no está vacía" time="0.001">
    </testcase>
    <testcase classname="ListarUsuarios Verificar que cada usuario en la lista tiene los campos esperados" name="ListarUsuarios Verificar que cada usuario en la lista tiene los campos esperados" time="0.002">
    </testcase>
  </testsuite>
  <testsuite name="AsociarPerfil" errors="0" failures="0" skipped="0" timestamp="2024-10-03T06:50:56" time="0.449" tests="3">
    <testcase classname="AsociarPerfil Validar que el perfil exista" name="AsociarPerfil Validar que el perfil exista" time="0.021">
    </testcase>
    <testcase classname="AsociarPerfil Validar que el usuario exista" name="AsociarPerfil Validar que el usuario exista" time="0.002">
    </testcase>
    <testcase classname="AsociarPerfil Asociar perfil exitosamente" name="AsociarPerfil Asociar perfil exitosamente" time="0.006">
    </testcase>
  </testsuite>
  <testsuite name="Eliminar Perfil" errors="0" failures="0" skipped="0" timestamp="2024-10-03T06:50:57" time="0.558" tests="2">
    <testcase classname="Eliminar Perfil Debe eliminar un perfil correctamente" name="Eliminar Perfil Debe eliminar un perfil correctamente" time="0.02">
    </testcase>
    <testcase classname="Eliminar Perfil Debe fallar al eliminar un perfil inexistente" name="Eliminar Perfil Debe fallar al eliminar un perfil inexistente" time="0.003">
    </testcase>
  </testsuite>
  <testsuite name="Eliminar Categoria" errors="0" failures="0" skipped="0" timestamp="2024-10-03T06:50:57" time="0.671" tests="2">
    <testcase classname="Eliminar Categoria Debe eliminar una categoría correctamente" name="Eliminar Categoria Debe eliminar una categoría correctamente" time="0.016">
    </testcase>
    <testcase classname="Eliminar Categoria Debe fallar al eliminar una categoría inexistente" name="Eliminar Categoria Debe fallar al eliminar una categoría inexistente" time="0.01">
    </testcase>
  </testsuite>
  <testsuite name="Actualizar Categoria" errors="0" failures="0" skipped="0" timestamp="2024-10-03T06:50:58" time="0.417" tests="2">
    <testcase classname="Actualizar Categoria Debe actualizar una categoría correctamente" name="Actualizar Categoria Debe actualizar una categoría correctamente" time="0.021">
    </testcase>
    <testcase classname="Actualizar Categoria Debe fallar al actualizar una categoría inexistente" name="Actualizar Categoria Debe fallar al actualizar una categoría inexistente" time="0.011">
    </testcase>
  </testsuite>
  <testsuite name="Actualizar Perfil" errors="0" failures="0" skipped="0" timestamp="2024-10-03T06:50:59" time="0.373" tests="2">
    <testcase classname="Actualizar Perfil Debe actualizar un perfil correctamente" name="Actualizar Perfil Debe actualizar un perfil correctamente" time="0.009">
    </testcase>
    <testcase classname="Actualizar Perfil Debe fallar al actualizar un perfil inexistente" name="Actualizar Perfil Debe fallar al actualizar un perfil inexistente" time="0.011">
    </testcase>
  </testsuite>
  <testsuite name="Crear Categoria" errors="0" failures="0" skipped="0" timestamp="2024-10-03T06:50:59" time="0.391" tests="2">
    <testcase classname="Crear Categoria Debe crear una categoría correctamente" name="Crear Categoria Debe crear una categoría correctamente" time="0.017">
    </testcase>
    <testcase classname="Crear Categoria Debe fallar al crear una categoría con nombre duplicado" name="Crear Categoria Debe fallar al crear una categoría con nombre duplicado" time="0.01">
    </testcase>
  </testsuite>
  <testsuite name="Consultar Categoria" errors="0" failures="0" skipped="0" timestamp="2024-10-03T06:51:00" time="0.396" tests="2">
    <testcase classname="Consultar Categoria Debe consultar una categoría correctamente" name="Consultar Categoria Debe consultar una categoría correctamente" time="0.012">
    </testcase>
    <testcase classname="Consultar Categoria Debe fallar al consultar una categoría inexistente" name="Consultar Categoria Debe fallar al consultar una categoría inexistente" time="0.008">
    </testcase>
  </testsuite>
  <testsuite name="Consultar Perfil" errors="0" failures="0" skipped="0" timestamp="2024-10-03T06:51:00" time="0.39" tests="2">
    <testcase classname="Consultar Perfil Debe consultar un perfil correctamente" name="Consultar Perfil Debe consultar un perfil correctamente" time="0.01">
    </testcase>
    <testcase classname="Consultar Perfil Debe fallar al consultar un perfil inexistente" name="Consultar Perfil Debe fallar al consultar un perfil inexistente" time="0.009">
    </testcase>
  </testsuite>
  <testsuite name="Listar Perfiles" errors="0" failures="0" skipped="0" timestamp="2024-10-03T06:51:01" time="0.366" tests="1">
    <testcase classname="Listar Perfiles Debe listar los perfiles correctamente" name="Listar Perfiles Debe listar los perfiles correctamente" time="0.014">
    </testcase>
  </testsuite>
  <testsuite name="Listar Categorias" errors="0" failures="0" skipped="0" timestamp="2024-10-03T06:51:01" time="0.362" tests="1">
    <testcase classname="Listar Categorias Debe listar las categorías correctamente" name="Listar Categorias Debe listar las categorías correctamente" time="0.013">
    </testcase>
  </testsuite>
  <testsuite name="Crear Perfil" errors="0" failures="0" skipped="0" timestamp="2024-10-03T06:51:01" time="0.385" tests="2">
    <testcase classname="Crear Perfil Debe crear un perfil correctamente" name="Crear Perfil Debe crear un perfil correctamente" time="0.007">
    </testcase>
    <testcase classname="Crear Perfil Debe fallar al crear un perfil con nombre duplicado" name="Crear Perfil Debe fallar al crear un perfil con nombre duplicado" time="0.012">
    </testcase>
  </testsuite>
  <testsuite name="Testing: Pruebas unitarias funciones" errors="0" failures="0" skipped="0" timestamp="2024-10-03T06:51:02" time="0.082" tests="2">
    <testcase classname="Testing: Pruebas unitarias funciones Testing: Funcion OnCreate always be true" name="Testing: Pruebas unitarias funciones Testing: Funcion OnCreate always be true" time="0.001">
    </testcase>
    <testcase classname="Testing: Pruebas unitarias funciones Testing: Funcion OnUpdate always be true" name="Testing: Pruebas unitarias funciones Testing: Funcion OnUpdate always be true" time="0">
    </testcase>
  </testsuite>
</testsuites>