<?xml version="1.0" encoding="UTF-8"?>
<testsuites name="jest tests" tests="6" failures="0" time="4.06">
  <testsuite name="CrearUsuarios" errors="0" failures="0" skipped="0" timestamp="2024-09-30T16:27:09" time="2.13" tests="1">
    <testcase classname="CrearUsuarios Crear usuario con perfil existente" name="CrearUsuarios Crear usuario con perfil existente" time="0.084">
    </testcase>
  </testsuite>
  <testsuite name="AsociarPerfil" errors="0" failures="0" skipped="0" timestamp="2024-09-30T16:27:11" time="0.627" tests="3">
    <testcase classname="AsociarPerfil Validar que el perfil exista" name="AsociarPerfil Validar que el perfil exista" time="0.019">
    </testcase>
    <testcase classname="AsociarPerfil Validar que el usuario exista" name="AsociarPerfil Validar que el usuario exista" time="0.002">
    </testcase>
    <testcase classname="AsociarPerfil Asociar perfil exitosamente" name="AsociarPerfil Asociar perfil exitosamente" time="0.009">
    </testcase>
  </testsuite>
  <testsuite name="Testing: Pruebas unitarias funciones" errors="0" failures="0" skipped="0" timestamp="2024-09-30T16:27:12" time="0.093" tests="2">
    <testcase classname="Testing: Pruebas unitarias funciones Testing: Funcion OnCreate always be true" name="Testing: Pruebas unitarias funciones Testing: Funcion OnCreate always be true" time="0.002">
    </testcase>
    <testcase classname="Testing: Pruebas unitarias funciones Testing: Funcion OnUpdate always be true" name="Testing: Pruebas unitarias funciones Testing: Funcion OnUpdate always be true" time="0.001">
    </testcase>
  </testsuite>
</testsuites>